<?xml version="1.0" encoding="UTF-8"?>
<!-- Generated by org.testng.reporters.JUnitReportReporter -->
<testsuite hostname="DESKTOP-DFGDKIA" failures="0" tests="4" name="api.test.UserTestsThroughproperties" time="10.440" errors="0" timestamp="2024-09-24T23:32:11 IST" skipped="0">
  <testcase classname="api.test.UserTestsThroughproperties" name="testPostUser" time="4.959"/>
  <system-out/>
  <testcase classname="api.test.UserTestsThroughproperties" name="testGetUserByname" time="1.385"/>
  <system-out/>
  <testcase classname="api.test.UserTestsThroughproperties" name="testUpdateByName" time="2.777"/>
  <system-out/>
  <testcase classname="api.test.UserTestsThroughproperties" name="testDeleteUserByname" time="1.319"/>
  <system-out/>
</testsuite> <!-- api.test.UserTestsThroughproperties -->
