<?xml version="1.0" encoding="UTF-8"?>
<!-- Generated by org.testng.reporters.JUnitReportReporter -->
<testsuite hostname="DESKTOP-DFGDKIA" failures="0" tests="6" name="api.test.DataDrivenTest" time="10.929" errors="0" timestamp="2024-09-20T19:36:54 IST" skipped="0">
  <testcase classname="api.test.DataDrivenTest" name="testPostUser" time="5.002"/>
  <system-out/>
  <testcase classname="api.test.DataDrivenTest" name="testPostUser" time="1.591"/>
  <system-out/>
  <testcase classname="api.test.DataDrivenTest" name="testPostUser" time="1.114"/>
  <system-out/>
  <testcase classname="api.test.DataDrivenTest" name="testDeleteUserByName" time="1.122"/>
  <system-out/>
  <testcase classname="api.test.DataDrivenTest" name="testDeleteUserByName" time="1.049"/>
  <system-out/>
  <testcase classname="api.test.DataDrivenTest" name="testDeleteUserByName" time="1.051"/>
  <system-out/>
</testsuite> <!-- api.test.DataDrivenTest -->
