<?xml version="1.0" encoding="UTF-8"?>
<!-- Generated by org.testng.reporters.JUnitReportReporter -->
<testsuite hostname="DESKTOP-DFGDKIA" failures="0" tests="4" name="api.test.UserTests" time="11.415" errors="0" timestamp="2024-09-20T15:53:08 IST" skipped="0">
  <testcase classname="api.test.UserTests" name="testPostUser" time="7.002"/>
  <system-out/>
  <testcase classname="api.test.UserTests" name="testGetUserByname" time="1.152"/>
  <system-out/>
  <testcase classname="api.test.UserTests" name="testUpdateByName" time="2.222"/>
  <system-out/>
  <testcase classname="api.test.UserTests" name="testDeleteUserByname" time="1.039"/>
  <system-out/>
</testsuite> <!-- api.test.UserTests -->
